# JRE version: OpenJDK Runtime Environment JBR-17.0.8+7-1000.22-jcef (17.0.8+7) (build 17.0.8+7-b1000.22)
# Java VM: OpenJDK 64-Bit Server VM JBR-17.0.8+7-1000.22-jcef (17.0.8+7-b1000.22, mixed mode, tiered, compressed oops, compressed class ptrs, g1 gc, windows-amd64)
GC Precious Log:
 CPUs: 4 total, 4 available
 Memory: 8028M
 Large Page Support: Disabled
 NUMA Support: Disabled
 Compressed Oops: Enabled (32-bit)
 Heap Region Size: 1M
 Heap Min Capacity: 8M
 Heap Initial Capacity: 126M
 Heap Max Capacity: 2G
 Pre-touch: Disabled
 Parallel Workers: 4
 Concurrent Workers: 1
 Concurrent Refinement Workers: 4
 Periodic GC: Disabled
Heap:
 garbage-first heap   total 419840K, used 249959K [0x0000000080000000, 0x0000000100000000)
  region size 1024K, 17 young (17408K), 15 survivors (15360K)
 Metaspace       used 126328K, committed 127680K, reserved 1179648K
  class space    used 16520K, committed 17152K, reserved 1048576K
GC Heap History (20 events):
Event: 1111.846 GC heap before
{Heap before GC invocations=80 (full 0):
 garbage-first heap   total 273408K, used 235872K [0x0000000080000000, 0x0000000100000000)
  region size 1024K, 32 young (32768K), 5 survivors (5120K)
 Metaspace       used 121688K, committed 122816K, reserved 1179648K
  class space    used 15822K, committed 16320K, reserved 1048576K
}
Event: 1111.865 GC heap after
{Heap after GC invocations=81 (full 0):
 garbage-first heap   total 273408K, used 211560K [0x0000000080000000, 0x0000000100000000)
  region size 1024K, 4 young (4096K), 4 survivors (4096K)
 Metaspace       used 121688K, committed 122816K, reserved 1179648K
  class space    used 15822K, committed 16320K, reserved 1048576K
}
Event: 1112.626 GC heap before
{Heap before GC invocations=81 (full 0):
 garbage-first heap   total 273408K, used 235112K [0x0000000080000000, 0x0000000100000000)
  region size 1024K, 28 young (28672K), 4 survivors (4096K)
 Metaspace       used 121703K, committed 122816K, reserved 1179648K
  class space    used 15823K, committed 16320K, reserved 1048576K
}
Event: 1112.637 GC heap after
{Heap after GC invocations=82 (full 0):
 garbage-first heap   total 273408K, used 213196K [0x0000000080000000, 0x0000000100000000)
  region size 1024K, 2 young (2048K), 2 survivors (2048K)
 Metaspace       used 121703K, committed 122816K, reserved 1179648K
  class space    used 15823K, committed 16320K, reserved 1048576K
}
Event: 1114.976 GC heap before
{Heap before GC invocations=82 (full 0):
 garbage-first heap   total 273408K, used 235724K [0x0000000080000000, 0x0000000100000000)
  region size 1024K, 25 young (25600K), 2 survivors (2048K)
 Metaspace       used 121708K, committed 122816K, reserved 1179648K
  class space    used 15823K, committed 16320K, reserved 1048576K
}
Event: 1114.991 GC heap after
{Heap after GC invocations=83 (full 0):
 garbage-first heap   total 273408K, used 217563K [0x0000000080000000, 0x0000000100000000)
  region size 1024K, 4 young (4096K), 4 survivors (4096K)
 Metaspace       used 121708K, committed 122816K, reserved 1179648K
  class space    used 15823K, committed 16320K, reserved 1048576K
}
Event: 1115.114 GC heap before
{Heap before GC invocations=83 (full 0):
 garbage-first heap   total 273408K, used 235995K [0x0000000080000000, 0x0000000100000000)
  region size 1024K, 23 young (23552K), 4 survivors (4096K)
 Metaspace       used 121718K, committed 122816K, reserved 1179648K
  class space    used 15823K, committed 16320K, reserved 1048576K
}
Event: 1115.128 GC heap after
{Heap after GC invocations=84 (full 0):
 garbage-first heap   total 273408K, used 219694K [0x0000000080000000, 0x0000000100000000)
  region size 1024K, 2 young (2048K), 2 survivors (2048K)
 Metaspace       used 121718K, committed 122816K, reserved 1179648K
  class space    used 15823K, committed 16320K, reserved 1048576K
}
Event: 1115.607 GC heap before
{Heap before GC invocations=84 (full 0):
 garbage-first heap   total 273408K, used 237102K [0x0000000080000000, 0x0000000100000000)
  region size 1024K, 20 young (20480K), 2 survivors (2048K)
 Metaspace       used 122136K, committed 123264K, reserved 1179648K
  class space    used 15881K, committed 16384K, reserved 1048576K
}
Event: 1115.615 GC heap after
{Heap after GC invocations=85 (full 0):
 garbage-first heap   total 273408K, used 220269K [0x0000000080000000, 0x0000000100000000)
  region size 1024K, 3 young (3072K), 3 survivors (3072K)
 Metaspace       used 122136K, committed 123264K, reserved 1179648K
  class space    used 15881K, committed 16384K, reserved 1048576K
}
Event: 1115.779 GC heap before
{Heap before GC invocations=85 (full 0):
 garbage-first heap   total 273408K, used 236653K [0x0000000080000000, 0x0000000100000000)
  region size 1024K, 20 young (20480K), 3 survivors (3072K)
 Metaspace       used 122139K, committed 123264K, reserved 1179648K
  class space    used 15881K, committed 16384K, reserved 1048576K
}
Event: 1115.792 GC heap after
{Heap after GC invocations=86 (full 0):
 garbage-first heap   total 273408K, used 223557K [0x0000000080000000, 0x0000000100000000)
  region size 1024K, 3 young (3072K), 3 survivors (3072K)
 Metaspace       used 122139K, committed 123264K, reserved 1179648K
  class space    used 15881K, committed 16384K, reserved 1048576K
}
Event: 1116.135 GC heap before
{Heap before GC invocations=86 (full 0):
 garbage-first heap   total 273408K, used 237893K [0x0000000080000000, 0x0000000100000000)
  region size 1024K, 17 young (17408K), 3 survivors (3072K)
 Metaspace       used 122295K, committed 123456K, reserved 1179648K
  class space    used 15914K, committed 16448K, reserved 1048576K
}
Event: 1116.149 GC heap after
{Heap after GC invocations=87 (full 0):
 garbage-first heap   total 273408K, used 226842K [0x0000000080000000, 0x0000000100000000)
  region size 1024K, 3 young (3072K), 3 survivors (3072K)
 Metaspace       used 122295K, committed 123456K, reserved 1179648K
  class space    used 15914K, committed 16448K, reserved 1048576K
}
Event: 1116.738 GC heap before
{Heap before GC invocations=87 (full 0):
 garbage-first heap   total 273408K, used 237082K [0x0000000080000000, 0x0000000100000000)
  region size 1024K, 14 young (14336K), 3 survivors (3072K)
 Metaspace       used 122753K, committed 123840K, reserved 1179648K
  class space    used 15963K, committed 16448K, reserved 1048576K
}
Event: 1116.755 GC heap after
{Heap after GC invocations=88 (full 0):
 garbage-first heap   total 418816K, used 228682K [0x0000000080000000, 0x0000000100000000)
  region size 1024K, 2 young (2048K), 2 survivors (2048K)
 Metaspace       used 122753K, committed 123840K, reserved 1179648K
  class space    used 15963K, committed 16448K, reserved 1048576K
}
Event: 1143.135 GC heap before
{Heap before GC invocations=88 (full 0):
 garbage-first heap   total 418816K, used 340298K [0x0000000080000000, 0x0000000100000000)
  region size 1024K, 111 young (113664K), 2 survivors (2048K)
 Metaspace       used 123096K, committed 124288K, reserved 1179648K
  class space    used 16010K, committed 16576K, reserved 1048576K
}
Event: 1143.163 GC heap after
{Heap after GC invocations=89 (full 0):
 garbage-first heap   total 418816K, used 238765K [0x0000000080000000, 0x0000000100000000)
  region size 1024K, 12 young (12288K), 12 survivors (12288K)
 Metaspace       used 123096K, committed 124288K, reserved 1179648K
  class space    used 16010K, committed 16576K, reserved 1048576K
}
Event: 1150.456 GC heap before
{Heap before GC invocations=89 (full 0):
 garbage-first heap   total 418816K, used 375981K [0x0000000080000000, 0x0000000100000000)
  region size 1024K, 112 young (114688K), 12 survivors (12288K)
 Metaspace       used 126218K, committed 127616K, reserved 1179648K
  class space    used 16497K, committed 17152K, reserved 1048576K
}
Event: 1150.495 GC heap after
{Heap after GC invocations=90 (full 0):
 garbage-first heap   total 418816K, used 281703K [0x0000000080000000, 0x0000000100000000)
  region size 1024K, 15 young (15360K), 15 survivors (15360K)
 Metaspace       used 126218K, committed 127616K, reserved 1179648K
  class space    used 16497K, committed 17152K, reserved 1048576K
}

